<?xml version="1.0" encoding="UTF-8"?>
<!-- Generated by org.testng.reporters.JUnitXMLReporter -->
<testsuite hostname="LNAR-PC0NTFTX" name="BookMyFlight" tests="4" failures="0" timestamp="29 Apr 2019 01:37:37 GMT" time="16.454" errors="0">
  <testcase name="verify_Search_Flights" time="4.427" classname="DriverScript.Driver_File"/>
  <testcase name="get_no_Of_To_Flights" time="8.477" classname="DriverScript.Driver_File"/>
  <testcase name="get_no_Of_Rt_Flights" time="0.856" classname="DriverScript.Driver_File"/>
  <testcase name="get_select_Flights_Validate_Total" time="2.682" classname="DriverScript.Driver_File"/>
</testsuite> <!-- BookMyFlight -->
